Looking for git in: git
Using git 2.17.1 from git
> git rev-parse --show-toplevel
> git config --get commit.template
Open repository: /opt/lampp/htdocs/myapp/laravStart
> git status -z -u
> git symbolic-ref --short HEAD
> git rev-parse master
> git rev-parse --symbolic-full-name master@{u}
> git rev-list --left-right master...refs/remotes/origin/master
> git for-each-ref --format %(refname) %(objectname) --sort -committerdate
> git remote --verbose
> git check-ignore -z --stdin
> git status -z -u
> git symbolic-ref --short HEAD
> git rev-parse master
> git rev-parse --symbolic-full-name master@{u}
> git rev-list --left-right master...refs/remotes/origin/master
> git for-each-ref --format %(refname) %(objectname) --sort -committerdate
> git remote --verbose
> git check-ignore -z --stdin
> git show :.env.example
> git check-ignore -z --stdin
> git show :.env
> git check-ignore -z --stdin
> git show :.editorconfig
> git show :.env
> git check-ignore -z --stdin
> git check-ignore -z --stdin
> git check-ignore -z --stdin
> git show :app/Http/Controllers/HomeController.php
> git show :app/Http/Controllers/Controller.php
> git check-ignore -z --stdin
> git show :routes/web.php
> git show :routes/api.php
> git check-ignore -z --stdin
> git show :app/Http/Controllers/API/UserController.php
> git check-ignore -z --stdin
> git check-ignore -z --stdin
> git check-ignore -z --stdin
> git show :resources/views/layouts/master.blade.php
> git check-ignore -z --stdin
> git check-ignore -z --stdin
> git check-ignore -z --stdin
> git show :resources/assets/js/components/Users.vue
> git show :app/Http/Controllers/API/UserController.php
> git show :resources/assets/js/components/Users.vue
> git show :app/Http/Controllers/API/UserController.php
> git show :resources/assets/js/components/Users.vue
> git show :app/Http/Controllers/API/UserController.php
> git show :resources/assets/js/components/Users.vue
> git check-ignore -z --stdin
> git check-ignore -z --stdin
> git check-ignore -z --stdin
> git check-ignore -z --stdin
> git show :database/migrations/2014_10_12_000000_create_users_table.php
> git show :.env
> git show :database/migrations/2014_10_12_000000_create_users_table.php
> git show :resources/assets/js/components/Users.vue
> git show :database/migrations/2014_10_12_000000_create_users_table.php
> git show :resources/views/layouts/master.blade.php
> git show :resources/assets/js/components/Dashboard.vue
